\BOOKMARK [1][-]{section.1}{\376\377\137\025\212\000}{}% 1
\BOOKMARK [2][-]{subsection.1.1}{\376\377\166\356\166\204}{section.1}% 2
\BOOKMARK [2][-]{subsection.1.2}{\376\377\230\171\166\356\203\003\126\364}{section.1}% 3
\BOOKMARK [2][-]{subsection.1.3}{\376\377\227\000\154\102\122\006\147\220}{section.1}% 4
\BOOKMARK [2][-]{subsection.1.4}{\376\377\145\207\150\143\151\202\211\310}{section.1}% 5
\BOOKMARK [2][-]{subsection.1.5}{\376\377\147\057\213\355\116\016\177\051\165\145\213\355}{section.1}% 6
\BOOKMARK [1][-]{section.2}{\376\377\174\373\176\337\151\202\211\310}{}% 7
\BOOKMARK [2][-]{subsection.2.1}{\376\377\174\373\176\337\166\356\150\007}{section.2}% 8
\BOOKMARK [2][-]{subsection.2.2}{\376\377\174\373\176\337\133\232\117\115\116\016\127\072\146\157\120\107\213\276}{section.2}% 9
\BOOKMARK [2][-]{subsection.2.3}{\376\377\211\322\202\162\116\016\147\103\226\120}{section.2}% 10
\BOOKMARK [2][-]{subsection.2.4}{\376\377\126\342\226\037\116\016\122\006\135\345}{section.2}% 11
\BOOKMARK [2][-]{subsection.2.5}{\376\377\121\170\127\213\116\032\122\241\155\101\172\013}{section.2}% 12
\BOOKMARK [1][-]{section.3}{\376\377\174\373\176\337\147\266\147\204}{}% 13
\BOOKMARK [2][-]{subsection.3.1}{\376\377\140\073\117\123\147\266\147\204}{section.3}% 14
\BOOKMARK [2][-]{subsection.3.2}{\376\377\142\200\147\057\220\011\127\213\116\016\123\237\126\340}{section.3}% 15
\BOOKMARK [2][-]{subsection.3.3}{\376\377\143\245\123\343\211\304\203\003\116\016\122\115\124\016\172\357\123\117\117\134}{section.3}% 16
\BOOKMARK [2][-]{subsection.3.4}{\376\377\222\164\147\103\116\016\117\032\213\335\173\126\165\145\377\010\133\236\232\214\173\200\123\026\377\011}{section.3}% 17
\BOOKMARK [2][-]{subsection.3.5}{\376\377\143\245\123\343\214\003\165\050\116\016\145\160\143\156\155\101}{section.3}% 18
\BOOKMARK [2][-]{subsection.3.6}{\376\377\121\163\225\056\116\000\201\364\140\047\173\126\165\145}{section.3}% 19
\BOOKMARK [1][-]{section.4}{\376\377\145\160\143\156\213\276\213\241}{}% 20
\BOOKMARK [2][-]{subsection.4.1}{\376\377\000E\000R\000\040\126\376}{section.4}% 21
\BOOKMARK [2][-]{subsection.4.2}{\376\377\121\163\174\373\152\041\137\017\126\376}{section.4}% 22
\BOOKMARK [2][-]{subsection.4.3}{\376\377\133\127\153\265\213\276\213\241\213\364\146\016}{section.4}% 23
\BOOKMARK [2][-]{subsection.4.4}{\376\377\213\276\213\241\211\201\160\271\116\016\211\304\203\003}{section.4}% 24
\BOOKMARK [2][-]{subsection.4.5}{\376\377\121\163\174\373\152\041\137\017\116\016\145\160\143\156\133\127\121\170}{section.4}% 25
\BOOKMARK [2][-]{subsection.4.6}{\376\377\121\163\225\056\176\246\147\137\116\016\211\304\122\031\204\075\127\060}{section.4}% 26
\BOOKMARK [2][-]{subsection.4.7}{\376\377\116\000\201\364\140\047\143\247\122\066\171\072\117\213}{section.4}% 27
\BOOKMARK [2][-]{subsection.4.8}{\376\377\162\266\140\001\133\127\153\265\176\246\133\232}{section.4}% 28
\BOOKMARK [2][-]{subsection.4.9}{\376\377\201\032\147\054\116\016\171\072\117\213\145\160\143\156}{section.4}% 29
\BOOKMARK [1][-]{section.5}{\376\377\176\304\116\366\213\276\213\241}{}% 30
\BOOKMARK [2][-]{subsection.5.1}{\376\377\215\046\123\367\116\016\165\050\142\067\173\241\164\006}{section.5}% 31
\BOOKMARK [2][-]{subsection.5.2}{\376\377\171\321\133\244\060\001\123\073\165\037\116\016\123\367\156\220}{section.5}% 32
\BOOKMARK [3][-]{subsubsection.5.2.1}{\376\377\123\367\156\220\122\033\136\372\377\010\171\321\133\244\173\241\164\006\124\130\377\011\133\236\163\260\153\145\232\244}{subsection.5.2}% 33
\BOOKMARK [2][-]{subsection.5.3}{\376\377\143\002\123\367\060\001\145\057\116\330\116\016\123\326\155\210}{section.5}% 34
\BOOKMARK [2][-]{subsection.5.4}{\376\377\215\046\142\067\117\131\230\235\116\016\121\105\120\074}{section.5}% 35
\BOOKMARK [3][-]{subsubsection.5.4.1}{\376\377\122\033\136\372\143\002\123\367\133\236\163\260\153\145\232\244}{subsection.5.4}% 36
\BOOKMARK [3][-]{subsubsection.5.4.2}{\376\377\145\057\116\330\116\016\123\326\155\210\133\236\163\260\153\145\232\244}{subsection.5.4}% 37
\BOOKMARK [2][-]{subsection.5.5}{\376\377\165\305\123\206\116\016\134\061\213\312\213\260\137\125}{section.5}% 38
\BOOKMARK [2][-]{subsection.5.6}{\376\377\172\331\121\205\155\210\140\157}{section.5}% 39
\BOOKMARK [3][-]{subsubsection.5.6.1}{\376\377\155\210\140\157\147\103\226\120\116\016\000\040\0001\0000\000\040\131\051\147\011\145\110\147\037}{subsection.5.6}% 40
\BOOKMARK [2][-]{subsection.5.7}{\376\377\117\032\213\335\134\125\171\072\116\016\117\134\136\237\220\073\217\221}{section.5}% 41
\BOOKMARK [1][-]{section.6}{\376\377\116\272\147\072\165\114\227\142\213\276\213\241}{}% 42
\BOOKMARK [2][-]{subsection.6.1}{\376\377\230\165\227\142\116\016\143\245\123\343\146\040\134\004\377\010\202\202\220\011\377\011}{section.6}% 43
\BOOKMARK [2][-]{subsection.6.2}{\376\377\211\322\202\162\135\345\117\134\123\360\213\364\146\016}{section.6}% 44
\BOOKMARK [2][-]{subsection.6.3}{\376\377\116\244\116\222\155\101\172\013\171\072\141\017}{section.6}% 45
\BOOKMARK [1][-]{section.7}{\376\377\155\113\213\325\116\016\232\214\145\066}{}% 46
\BOOKMARK [2][-]{subsection.7.1}{\376\377\155\113\213\325\145\160\143\156\121\306\131\007}{section.7}% 47
\BOOKMARK [2][-]{subsection.7.2}{\376\377\121\170\127\213\155\101\172\013\232\214\213\301}{section.7}% 48
\BOOKMARK [2][-]{subsection.7.3}{\376\377\137\002\136\070\116\016\176\246\147\137\127\072\146\157}{section.7}% 49
\BOOKMARK [1][-]{section.8}{\376\377\227\000\154\102\167\351\226\065}{}% 50
\BOOKMARK [1][-]{section.9}{\376\377\140\073\176\323\116\016\134\125\147\033}{}% 51
\BOOKMARK [1][-]{section.10}{\376\377\000A\000P\000P\000E\000N\000D\000I\000C\000E\000S}{}% 52
\BOOKMARK [2][-]{subsection.10.1}{\376\377\230\171\166\356\166\356\137\125\213\364\146\016}{section.10}% 53
\BOOKMARK [2][-]{subsection.10.2}{\376\377\163\257\130\203\211\201\154\102}{section.10}% 54
\BOOKMARK [2][-]{subsection.10.3}{\376\377\221\115\177\156\145\207\116\366\213\364\146\016}{section.10}% 55
\BOOKMARK [2][-]{subsection.10.4}{\376\377\220\350\177\162\116\016\217\320\210\114}{section.10}% 56
\BOOKMARK [2][-]{subsection.10.5}{\376\377\171\072\117\213\145\160\143\156\213\364\146\016}{section.10}% 57
\BOOKMARK [2][-]{subsection.10.6}{\376\377\157\024\171\072\215\046\123\367\116\016\136\372\213\256\155\101\172\013}{section.10}% 58
